beagle.08Feb22.fa4.jar (version 5.3)
Copyright (C) 2014-2021 Brian L. Browning
Enter "java -jar beagle.08Feb22.fa4.jar" to list command line argument
Start time: 11:43 PM CDT on 19 Mar 2022

Command line: java -Xmx136533m -jar beagle.08Feb22.fa4.jar
  gt=vargoats_snps_1372_20201008_1_filtered.vcf.gz
  out=vargoats_snps_filtered_1372_beagle5.3_chr1_phased
  nthreads=96

No genetic map is specified: using 1 cM = 1 Mb

Reference samples:                    0
Study     samples:                1,372

Window 1 [1:5823-40005294]
Reference markers:              316,105
Study     markers:              316,105

Burnin  iteration 1:           4 minutes 4 seconds
Burnin  iteration 2:           1 minute 33 seconds
Burnin  iteration 3:           1 minute 33 seconds

Estimated ne:                  1938040
Estimated err:                 1.1e-03

Phasing iteration 1:           39 seconds
Phasing iteration 2:           46 seconds
Phasing iteration 3:           42 seconds
Phasing iteration 4:           41 seconds
Phasing iteration 5:           42 seconds
Phasing iteration 6:           37 seconds
Phasing iteration 7:           37 seconds
Phasing iteration 8:           39 seconds
Phasing iteration 9:           28 seconds
Phasing iteration 10:          28 seconds
Phasing iteration 11:          28 seconds
Phasing iteration 12:          33 seconds

Window 2 [1:38004654-78005173]
Reference markers:              414,799
Study     markers:              414,799

Burnin  iteration 1:           3 minutes 47 seconds
Burnin  iteration 2:           1 minute 40 seconds
Burnin  iteration 3:           1 minute 38 seconds

Estimated ne:                  2085081
Estimated err:                 8.5e-04

Phasing iteration 1:           43 seconds
Phasing iteration 2:           41 seconds
Phasing iteration 3:           43 seconds
Phasing iteration 4:           42 seconds
Phasing iteration 5:           32 seconds
Phasing iteration 6:           40 seconds
Phasing iteration 7:           33 seconds
Phasing iteration 8:           34 seconds
Phasing iteration 9:           32 seconds
Phasing iteration 10:          37 seconds
Phasing iteration 11:          30 seconds
Phasing iteration 12:          36 seconds

Window 3 [1:76002610-116005809]
Reference markers:              396,868
Study     markers:              396,868

Burnin  iteration 1:           3 minutes 52 seconds
Burnin  iteration 2:           1 minute 32 seconds
Burnin  iteration 3:           1 minute 36 seconds

Estimated ne:                  1997884
Estimated err:                 9.0e-04

Phasing iteration 1:           43 seconds
Phasing iteration 2:           33 seconds
Phasing iteration 3:           32 seconds
Phasing iteration 4:           32 seconds
Phasing iteration 5:           31 seconds
Phasing iteration 6:           31 seconds
Phasing iteration 7:           31 seconds
Phasing iteration 8:           30 seconds
Phasing iteration 9:           31 seconds
Phasing iteration 10:          29 seconds
Phasing iteration 11:          35 seconds
Phasing iteration 12:          28 seconds

Window 4 [1:114005640-154005695]
Reference markers:              487,832
Study     markers:              487,832

Burnin  iteration 1:           3 minutes 37 seconds
Burnin  iteration 2:           1 minute 51 seconds
Burnin  iteration 3:           1 minute 52 seconds

Estimated ne:                  2542783
Estimated err:                 9.6e-04

Phasing iteration 1:           55 seconds
Phasing iteration 2:           48 seconds
Phasing iteration 3:           52 seconds
Phasing iteration 4:           50 seconds
Phasing iteration 5:           38 seconds
Phasing iteration 6:           41 seconds
Phasing iteration 7:           40 seconds
Phasing iteration 8:           41 seconds
Phasing iteration 9:           49 seconds
Phasing iteration 10:          36 seconds
Phasing iteration 11:          39 seconds
Phasing iteration 12:          46 seconds

Window 5 [1:152005648-157402979]
Reference markers:               97,602
Study     markers:               97,602

Burnin  iteration 1:           52 seconds
Burnin  iteration 2:           20 seconds
Burnin  iteration 3:           20 seconds

Estimated ne:                  3350147
Estimated err:                 7.3e-04

Phasing iteration 1:           10 seconds
Phasing iteration 2:           9 seconds
Phasing iteration 3:           9 seconds
Phasing iteration 4:           8 seconds
Phasing iteration 5:           8 seconds
Phasing iteration 6:           8 seconds
Phasing iteration 7:           8 seconds
Phasing iteration 8:           9 seconds
Phasing iteration 9:           10 seconds
Phasing iteration 10:          8 seconds
Phasing iteration 11:          8 seconds
Phasing iteration 12:          9 seconds

Cumulative Statistics:

Study     markers:            1,634,144

Haplotype phasing time:        1 hour 2 minutes 0 seconds
Total time:                    1 hour 22 minutes 17 seconds

End time: 01:05 AM CDT on 20 Mar 2022
beagle.08Feb22.fa4.jar finished
